app/build/intermediates/manifest_merge_blame_file/debug/manifest-merger-blame-debug-report.txt
1<?xml version="1.0" encoding="utf-8"?>
2<manifest xmlns:android="http://schemas.android.com/apk/res/android"
3    package="com.example.login"
4    android:requestLegacyExternalStorage="true"
5    android:versionCode="1"
6    android:versionName="1.0" >
7
8    <uses-sdk
9        android:minSdkVersion="21"
9-->src\main\AndroidManifest.xml
10        android:targetSdkVersion="30" />
10-->src\main\AndroidManifest.xml
11
12    <uses-permission android:name="android.permission.INTERNET" />
12-->src\main\AndroidManifest.xml:6:5-67
12-->src\main\AndroidManifest.xml:6:22-64
13    <uses-permission android:name="android.permission.ACCESS_NETWORK_STATE" />
13-->src\main\AndroidManifest.xml:7:5-79
13-->src\main\AndroidManifest.xml:7:22-76
14    <uses-permission android:name="android.permission.ACCESS_MEDIA_LOCATION" />
14-->src\main\AndroidManifest.xml:8:5-80
14-->src\main\AndroidManifest.xml:8:22-77
15    <uses-permission android:name="android.permission.WRITE_EXTERNAL_STORAGE" />
15-->src\main\AndroidManifest.xml:9:5-81
15-->src\main\AndroidManifest.xml:9:22-78
16
17    <uses-feature
17-->src\main\AndroidManifest.xml:10:5-85
18        android:name="android.hardware.camera"
18-->src\main\AndroidManifest.xml:10:19-57
19        android:required="false" />
19-->src\main\AndroidManifest.xml:10:58-82
20
21    <application
21-->src\main\AndroidManifest.xml:12:5-38:19
22        android:allowBackup="true"
22-->src\main\AndroidManifest.xml:13:9-35
23        android:appComponentFactory="androidx.core.app.CoreComponentFactory"
23-->[androidx.core:core:1.3.1] AndroidManifest.xml:24:18-86
24        android:debuggable="true"
25        android:icon="@mipmap/ic_launcher"
25-->src\main\AndroidManifest.xml:14:9-43
26        android:label="@string/app_name"
26-->src\main\AndroidManifest.xml:15:9-41
27        android:roundIcon="@mipmap/ic_launcher_round"
27-->src\main\AndroidManifest.xml:16:9-54
28        android:supportsRtl="true"
28-->src\main\AndroidManifest.xml:17:9-35
29        android:testOnly="true"
30        android:theme="@style/Theme.Login" >
30-->src\main\AndroidManifest.xml:18:9-43
31        <activity
31-->src\main\AndroidManifest.xml:19:9-21:52
32            android:name="com.example.login.GetStartedPage"
32-->src\main\AndroidManifest.xml:20:13-43
33            android:screenOrientation="portrait" />
33-->src\main\AndroidManifest.xml:21:13-49
34        <activity
34-->src\main\AndroidManifest.xml:23:9-31:20
35            android:name="com.example.login.SplashPage"
35-->src\main\AndroidManifest.xml:24:13-39
36            android:screenOrientation="portrait" >
36-->src\main\AndroidManifest.xml:25:13-49
37            <intent-filter>
37-->src\main\AndroidManifest.xml:26:13-30:29
38                <action android:name="android.intent.action.MAIN" />
38-->src\main\AndroidManifest.xml:27:17-69
38-->src\main\AndroidManifest.xml:27:25-66
39
40                <category android:name="android.intent.category.LAUNCHER" />
40-->src\main\AndroidManifest.xml:29:17-77
40-->src\main\AndroidManifest.xml:29:27-74
41            </intent-filter>
42        </activity>
43        <activity
43-->src\main\AndroidManifest.xml:32:9-34:52
44            android:name="com.example.login.RegisterPage"
44-->src\main\AndroidManifest.xml:33:13-41
45            android:screenOrientation="portrait" />
45-->src\main\AndroidManifest.xml:34:13-49
46        <activity
46-->src\main\AndroidManifest.xml:35:9-37:52
47            android:name="com.example.login.HomePage"
47-->src\main\AndroidManifest.xml:36:13-37
48            android:screenOrientation="portrait" />
48-->src\main\AndroidManifest.xml:37:13-49
49    </application>
50
51</manifest>